#
# A fatal error has been detected by the Java Runtime Environment:
#
#  Internal Error (constantTag.cpp:65), pid=13799, tid=13821
#  Error: ShouldNotReachHere()
#
# JRE version: OpenJDK Runtime Environment (11.0.15+10) (build 11.0.15+10-Ubuntu-0ubuntu0.18.04.1)
# Java VM: OpenJDK 64-Bit Server VM (11.0.15+10-Ubuntu-0ubuntu0.18.04.1, mixed mode, sharing, tiered, compressed oops, g1 gc, linux-amd64)
# Core dump will be written. Default location: Core dumps may be processed with "/usr/share/apport/apport %p %s %c %d %P %E" (or dumping to /home/thrymr/Desktop/Hegde Automation/Selenium/Smoketest/core.13799)
#
# If you would like to submit a bug report, please visit:
#   Unknown
#

---------------  S U M M A R Y ------------

Command Line: -agentlib:jdwp=transport=dt_socket,suspend=y,address=localhost:46177 -ea -Dfile.encoding=UTF-8 org.testng.remote.RemoteTestNG -serport 38897 -protocol json -d /home/thrymr/Desktop/Hegde Automation/Selenium/Smoketest/test-output /tmp/testng-eclipse-858894309/testng-customsuite.xml

Host: Intel(R) Core(TM) i5-9400F CPU @ 2.90GHz, 6 cores, 7G, Ubuntu 18.04.6 LTS
Time: Mon May  9 12:47:44 2022 IST elapsed time: 860.457120 seconds (0d 0h 14m 20s)

---------------  T H R E A D  ---------------

Current thread (0x00007f646c118800):  VMThread "VM Thread" [stack: 0x00007f64500db000,0x00007f64501db000] [id=13821]

Stack: [0x00007f64500db000,0x00007f64501db000],  sp=0x00007f64501d9100,  free space=1016k
Native frames: (J=compiled Java code, A=aot compiled Java code, j=interpreted, Vv=VM code, C=native code)
V  [libjvm.so+0xe288d6]
V  [libjvm.so+0xe2980f]
V  [libjvm.so+0x653a17]
V  [libjvm.so+0x64dc19]
V  [libjvm.so+0x647bc8]
V  [libjvm.so+0x7b3d6e]
V  [libjvm.so+0x7b5a75]
V  [libjvm.so+0x7b740c]
V  [libjvm.so+0x7b76d9]
V  [libjvm.so+0xb71414]
V  [libjvm.so+0xb7225b]
V  [libjvm.so+0xb726d7]
V  [libjvm.so+0xb1253e]
V  [libjvm.so+0x9b168c]
V  [libjvm.so+0xe2b268]
V  [libjvm.so+0xe31277]
V  [libjvm.so+0xe31908]
V  [libjvm.so+0xe31c13]
V  [libjvm.so+0xdc3759]
V  [libjvm.so+0xb8957e]

VM_Operation (0x00007f643ad14970): GetOrSetLocal, mode: safepoint, requested by thread 0x00007f646c17f800


---------------  P R O C E S S  ---------------

Threads class SMR info:
_java_thread_list=0x00007f63d4001670, length=18, elements={
0x00007f646c018800, 0x00007f646c11b000, 0x00007f646c125800, 0x00007f646c12b000,
0x00007f646c12d000, 0x00007f646c12f000, 0x00007f646c131000, 0x00007f646c133000,
0x00007f646c17f800, 0x00007f646c183800, 0x00007f6414001800, 0x00007f646c18a000,
0x00007f646c41e000, 0x00007f646c664000, 0x00007f63ec011000, 0x00007f63ec014800,
0x00007f63ec015800, 0x00007f646c73f800
}

Java Threads: ( => current thread )
  0x00007f646c018800 JavaThread "main" [_thread_blocked, id=13804, stack(0x00007f647382d000,0x00007f647392e000)]
  0x00007f646c11b000 JavaThread "Reference Handler" daemon [_thread_blocked, id=13823, stack(0x00007f6448007000,0x00007f6448108000)]
  0x00007f646c125800 JavaThread "Finalizer" daemon [_thread_blocked, id=13824, stack(0x00007f643b6ff000,0x00007f643b800000)]
  0x00007f646c12b000 JavaThread "Signal Dispatcher" daemon [_thread_blocked, id=13826, stack(0x00007f643b320000,0x00007f643b421000)]
  0x00007f646c12d000 JavaThread "Service Thread" daemon [_thread_blocked, id=13827, stack(0x00007f643b21f000,0x00007f643b320000)]
  0x00007f646c12f000 JavaThread "C2 CompilerThread0" daemon [_thread_blocked, id=13829, stack(0x00007f643b11e000,0x00007f643b21f000)]
  0x00007f646c131000 JavaThread "C1 CompilerThread0" daemon [_thread_blocked, id=13830, stack(0x00007f643b01d000,0x00007f643b11e000)]
  0x00007f646c133000 JavaThread "Sweeper thread" daemon [_thread_blocked, id=13831, stack(0x00007f643af1c000,0x00007f643b01d000)]
  0x00007f646c17f800 JavaThread "JDWP Transport Listener: dt_socket" daemon [_thread_blocked, id=13835, stack(0x00007f643ac15000,0x00007f643ad16000)] _threads_hazard_ptr=0x00007f63d4001670
  0x00007f646c183800 JavaThread "JDWP Event Helper Thread" daemon [_thread_blocked, id=13837, stack(0x00007f643ab14000,0x00007f643ac15000)]
  0x00007f6414001800 JavaThread "JDWP Command Reader" daemon [_thread_in_native, id=13839, stack(0x00007f643aa13000,0x00007f643ab14000)]
  0x00007f646c18a000 JavaThread "Common-Cleaner" daemon [_thread_blocked, id=13842, stack(0x00007f643a810000,0x00007f643a911000)]
  0x00007f646c41e000 JavaThread "ReaderThread" [_thread_in_native, id=13853, stack(0x00007f6439fe4000,0x00007f643a0e5000)]
  0x00007f646c664000 JavaThread "Exec Default Executor" daemon [_thread_blocked, id=13867, stack(0x00007f64395ae000,0x00007f64396af000)]
  0x00007f63ec011000 JavaThread "process reaper" daemon [_thread_in_native, id=13875, stack(0x00007f64500b7000,0x00007f64500d9000)]
  0x00007f63ec014800 JavaThread "Exec Stream Pumper" daemon [_thread_in_native, id=13876, stack(0x00007f64393ac000,0x00007f64394ad000)]
  0x00007f63ec015800 JavaThread "Exec Stream Pumper" daemon [_thread_in_native, id=13877, stack(0x00007f64392ab000,0x00007f64393ac000)]
  0x00007f646c73f800 JavaThread "Okio Watchdog" daemon [_thread_blocked, id=13880, stack(0x00007f6438da8000,0x00007f6438ea9000)]

Other Threads:
=>0x00007f646c118800 VMThread "VM Thread" [stack: 0x00007f64500db000,0x00007f64501db000] [id=13821]
  0x00007f646c186000 WatcherThread [stack: 0x00007f643a913000,0x00007f643aa13000] [id=13841]
  0x00007f646c031000 GCTaskThread "GC Thread#0" [stack: 0x00007f6453d07000,0x00007f6453e07000] [id=13813]
  0x00007f6430001800 GCTaskThread "GC Thread#1" [stack: 0x00007f6439ab5000,0x00007f6439bb5000] [id=13863]
  0x00007f6430002800 GCTaskThread "GC Thread#2" [stack: 0x00007f64399b3000,0x00007f6439ab3000] [id=13864]
  0x00007f6430004000 GCTaskThread "GC Thread#3" [stack: 0x00007f64398b1000,0x00007f64399b1000] [id=13865]
  0x00007f646c062800 ConcurrentGCThread "G1 Main Marker" [stack: 0x00007f6450b6a000,0x00007f6450c6a000] [id=13814]
  0x00007f646c064800 ConcurrentGCThread "G1 Conc#0" [stack: 0x00007f6450a68000,0x00007f6450b68000] [id=13816]
  0x00007f646c0e5000 ConcurrentGCThread "G1 Refine#0" [stack: 0x00007f6450360000,0x00007f6450460000] [id=13818]
  0x00007f646c0e6800 ConcurrentGCThread "G1 Young RemSet Sampling" [stack: 0x00007f645025e000,0x00007f645035e000] [id=13819]

Threads with active compile tasks:

VM state:at safepoint (normal execution)

VM Mutex/Monitor currently owned by a thread:  ([mutex/lock_event])
[0x00007f646c014230] Threads_lock - owner thread: 0x00007f646c118800

Heap address: 0x0000000084200000, size: 1982 MB, Compressed Oops mode: 32-bit
Narrow klass base: 0x0000000800000000, Narrow klass shift: 3
Compressed class space size: 1073741824 Address: 0x0000000840000000

Heap:
 garbage-first heap   total 129024K, used 29589K [0x0000000084200000, 0x0000000100000000)
  region size 1024K, 29 young (29696K), 3 survivors (3072K)
 Metaspace       used 15614K, capacity 16318K, committed 16512K, reserved 1062912K
  class space    used 1867K, capacity 2127K, committed 2176K, reserved 1048576K
Heap Regions: E=young(eden), S=young(survivor), O=old, HS=humongous(starts), HC=humongous(continues), CS=collection set, F=free, A=archive, TAMS=top-at-mark-start (previous, next)
|   0|0x0000000084200000, 0x0000000084233400, 0x0000000084300000| 20%| O|  |TAMS 0x0000000084200000, 0x0000000084200000| Untracked 
|   1|0x0000000084300000, 0x0000000084300000, 0x0000000084400000|  0%| F|  |TAMS 0x0000000084300000, 0x0000000084300000| Untracked 
|   2|0x0000000084400000, 0x0000000084400000, 0x0000000084500000|  0%| F|  |TAMS 0x0000000084400000, 0x0000000084400000| Untracked 
|   3|0x0000000084500000, 0x0000000084500000, 0x0000000084600000|  0%| F|  |TAMS 0x0000000084500000, 0x0000000084500000| Untracked 
|   4|0x0000000084600000, 0x0000000084600000, 0x0000000084700000|  0%| F|  |TAMS 0x0000000084600000, 0x0000000084600000| Untracked 
|   5|0x0000000084700000, 0x0000000084700000, 0x0000000084800000|  0%| F|  |TAMS 0x0000000084700000, 0x0000000084700000| Untracked 
|   6|0x0000000084800000, 0x0000000084800000, 0x0000000084900000|  0%| F|  |TAMS 0x0000000084800000, 0x0000000084800000| Untracked 
|   7|0x0000000084900000, 0x0000000084900000, 0x0000000084a00000|  0%| F|  |TAMS 0x0000000084900000, 0x0000000084900000| Untracked 
|   8|0x0000000084a00000, 0x0000000084a00000, 0x0000000084b00000|  0%| F|  |TAMS 0x0000000084a00000, 0x0000000084a00000| Untracked 
|   9|0x0000000084b00000, 0x0000000084b00000, 0x0000000084c00000|  0%| F|  |TAMS 0x0000000084b00000, 0x0000000084b00000| Untracked 
|  10|0x0000000084c00000, 0x0000000084c00000, 0x0000000084d00000|  0%| F|  |TAMS 0x0000000084c00000, 0x0000000084c00000| Untracked 
|  11|0x0000000084d00000, 0x0000000084d00000, 0x0000000084e00000|  0%| F|  |TAMS 0x0000000084d00000, 0x0000000084d00000| Untracked 
|  12|0x0000000084e00000, 0x0000000084e00000, 0x0000000084f00000|  0%| F|  |TAMS 0x0000000084e00000, 0x0000000084e00000| Untracked 
|  13|0x0000000084f00000, 0x0000000084f00000, 0x0000000085000000|  0%| F|  |TAMS 0x0000000084f00000, 0x0000000084f00000| Untracked 
|  14|0x0000000085000000, 0x0000000085000000, 0x0000000085100000|  0%| F|  |TAMS 0x0000000085000000, 0x0000000085000000| Untracked 
|  15|0x0000000085100000, 0x0000000085100000, 0x0000000085200000|  0%| F|  |TAMS 0x0000000085100000, 0x0000000085100000| Untracked 
|  16|0x0000000085200000, 0x0000000085200000, 0x0000000085300000|  0%| F|  |TAMS 0x0000000085200000, 0x0000000085200000| Untracked 
|  17|0x0000000085300000, 0x0000000085300000, 0x0000000085400000|  0%| F|  |TAMS 0x0000000085300000, 0x0000000085300000| Untracked 
|  18|0x0000000085400000, 0x0000000085400000, 0x0000000085500000|  0%| F|  |TAMS 0x0000000085400000, 0x0000000085400000| Untracked 
|  19|0x0000000085500000, 0x0000000085500000, 0x0000000085600000|  0%| F|  |TAMS 0x0000000085500000, 0x0000000085500000| Untracked 
|  20|0x0000000085600000, 0x0000000085600000, 0x0000000085700000|  0%| F|  |TAMS 0x0000000085600000, 0x0000000085600000| Untracked 
|  21|0x0000000085700000, 0x0000000085700000, 0x0000000085800000|  0%| F|  |TAMS 0x0000000085700000, 0x0000000085700000| Untracked 
|  22|0x0000000085800000, 0x0000000085800000, 0x0000000085900000|  0%| F|  |TAMS 0x0000000085800000, 0x0000000085800000| Untracked 
|  23|0x0000000085900000, 0x0000000085900000, 0x0000000085a00000|  0%| F|  |TAMS 0x0000000085900000, 0x0000000085900000| Untracked 
|  24|0x0000000085a00000, 0x0000000085a00000, 0x0000000085b00000|  0%| F|  |TAMS 0x0000000085a00000, 0x0000000085a00000| Untracked 
|  25|0x0000000085b00000, 0x0000000085b00000, 0x0000000085c00000|  0%| F|  |TAMS 0x0000000085b00000, 0x0000000085b00000| Untracked 
|  26|0x0000000085c00000, 0x0000000085c00000, 0x0000000085d00000|  0%| F|  |TAMS 0x0000000085c00000, 0x0000000085c00000| Untracked 
|  27|0x0000000085d00000, 0x0000000085d00000, 0x0000000085e00000|  0%| F|  |TAMS 0x0000000085d00000, 0x0000000085d00000| Untracked 
|  28|0x0000000085e00000, 0x0000000085e00000, 0x0000000085f00000|  0%| F|  |TAMS 0x0000000085e00000, 0x0000000085e00000| Untracked 
|  29|0x0000000085f00000, 0x0000000085f00000, 0x0000000086000000|  0%| F|  |TAMS 0x0000000085f00000, 0x0000000085f00000| Untracked 
|  30|0x0000000086000000, 0x0000000086000000, 0x0000000086100000|  0%| F|  |TAMS 0x0000000086000000, 0x0000000086000000| Untracked 
|  31|0x0000000086100000, 0x0000000086100000, 0x0000000086200000|  0%| F|  |TAMS 0x0000000086100000, 0x0000000086100000| Untracked 
|  32|0x0000000086200000, 0x0000000086200000, 0x0000000086300000|  0%| F|  |TAMS 0x0000000086200000, 0x0000000086200000| Untracked 
|  33|0x0000000086300000, 0x0000000086300000, 0x0000000086400000|  0%| F|  |TAMS 0x0000000086300000, 0x0000000086300000| Untracked 
|  34|0x0000000086400000, 0x0000000086400000, 0x0000000086500000|  0%| F|  |TAMS 0x0000000086400000, 0x0000000086400000| Untracked 
|  35|0x0000000086500000, 0x0000000086500000, 0x0000000086600000|  0%| F|  |TAMS 0x0000000086500000, 0x0000000086500000| Untracked 
|  36|0x0000000086600000, 0x0000000086600000, 0x0000000086700000|  0%| F|  |TAMS 0x0000000086600000, 0x0000000086600000| Untracked 
|  37|0x0000000086700000, 0x0000000086700000, 0x0000000086800000|  0%| F|  |TAMS 0x0000000086700000, 0x0000000086700000| Untracked 
|  38|0x0000000086800000, 0x0000000086800000, 0x0000000086900000|  0%| F|  |TAMS 0x0000000086800000, 0x0000000086800000| Untracked 
|  39|0x0000000086900000, 0x0000000086900000, 0x0000000086a00000|  0%| F|  |TAMS 0x0000000086900000, 0x0000000086900000| Untracked 
|  40|0x0000000086a00000, 0x0000000086a00000, 0x0000000086b00000|  0%| F|  |TAMS 0x0000000086a00000, 0x0000000086a00000| Untracked 
|  41|0x0000000086b00000, 0x0000000086b00000, 0x0000000086c00000|  0%| F|  |TAMS 0x0000000086b00000, 0x0000000086b00000| Untracked 
|  42|0x0000000086c00000, 0x0000000086c00000, 0x0000000086d00000|  0%| F|  |TAMS 0x0000000086c00000, 0x0000000086c00000| Untracked 
|  43|0x0000000086d00000, 0x0000000086d00000, 0x0000000086e00000|  0%| F|  |TAMS 0x0000000086d00000, 0x0000000086d00000| Untracked 
|  44|0x0000000086e00000, 0x0000000086e00000, 0x0000000086f00000|  0%| F|  |TAMS 0x0000000086e00000, 0x0000000086e00000| Untracked 
|  45|0x0000000086f00000, 0x0000000086f00000, 0x0000000087000000|  0%| F|  |TAMS 0x0000000086f00000, 0x0000000086f00000| Untracked 
|  46|0x0000000087000000, 0x0000000087000000, 0x0000000087100000|  0%| F|  |TAMS 0x0000000087000000, 0x0000000087000000| Untracked 
|  47|0x0000000087100000, 0x0000000087100000, 0x0000000087200000|  0%| F|  |TAMS 0x0000000087100000, 0x0000000087100000| Untracked 
|  48|0x0000000087200000, 0x0000000087200000, 0x0000000087300000|  0%| F|  |TAMS 0x0000000087200000, 0x0000000087200000| Untracked 
|  49|0x0000000087300000, 0x0000000087300000, 0x0000000087400000|  0%| F|  |TAMS 0x0000000087300000, 0x0000000087300000| Untracked 
|  50|0x0000000087400000, 0x0000000087400000, 0x0000000087500000|  0%| F|  |TAMS 0x0000000087400000, 0x0000000087400000| Untracked 
|  51|0x0000000087500000, 0x0000000087500000, 0x0000000087600000|  0%| F|  |TAMS 0x0000000087500000, 0x0000000087500000| Untracked 
|  52|0x0000000087600000, 0x0000000087600000, 0x0000000087700000|  0%| F|  |TAMS 0x0000000087600000, 0x0000000087600000| Untracked 
|  53|0x0000000087700000, 0x0000000087700000, 0x0000000087800000|  0%| F|  |TAMS 0x0000000087700000, 0x0000000087700000| Untracked 
|  54|0x0000000087800000, 0x0000000087800000, 0x0000000087900000|  0%| F|  |TAMS 0x0000000087800000, 0x0000000087800000| Untracked 
|  55|0x0000000087900000, 0x0000000087900000, 0x0000000087a00000|  0%| F|  |TAMS 0x0000000087900000, 0x0000000087900000| Untracked 
|  56|0x0000000087a00000, 0x0000000087a00000, 0x0000000087b00000|  0%| F|  |TAMS 0x0000000087a00000, 0x0000000087a00000| Untracked 
|  57|0x0000000087b00000, 0x0000000087b00000, 0x0000000087c00000|  0%| F|  |TAMS 0x0000000087b00000, 0x0000000087b00000| Untracked 
|  58|0x0000000087c00000, 0x0000000087c00000, 0x0000000087d00000|  0%| F|  |TAMS 0x0000000087c00000, 0x0000000087c00000| Untracked 
|  59|0x0000000087d00000, 0x0000000087d00000, 0x0000000087e00000|  0%| F|  |TAMS 0x0000000087d00000, 0x0000000087d00000| Untracked 
|  60|0x0000000087e00000, 0x0000000087e00000, 0x0000000087f00000|  0%| F|  |TAMS 0x0000000087e00000, 0x0000000087e00000| Untracked 
|  61|0x0000000087f00000, 0x0000000087f00000, 0x0000000088000000|  0%| F|  |TAMS 0x0000000087f00000, 0x0000000087f00000| Untracked 
|  62|0x0000000088000000, 0x0000000088000000, 0x0000000088100000|  0%| F|  |TAMS 0x0000000088000000, 0x0000000088000000| Untracked 
|  63|0x0000000088100000, 0x0000000088100000, 0x0000000088200000|  0%| F|  |TAMS 0x0000000088100000, 0x0000000088100000| Untracked 
|  64|0x0000000088200000, 0x0000000088200000, 0x0000000088300000|  0%| F|  |TAMS 0x0000000088200000, 0x0000000088200000| Untracked 
|  65|0x0000000088300000, 0x0000000088300000, 0x0000000088400000|  0%| F|  |TAMS 0x0000000088300000, 0x0000000088300000| Untracked 
|  66|0x0000000088400000, 0x0000000088400000, 0x0000000088500000|  0%| F|  |TAMS 0x0000000088400000, 0x0000000088400000| Untracked 
|  67|0x0000000088500000, 0x0000000088500000, 0x0000000088600000|  0%| F|  |TAMS 0x0000000088500000, 0x0000000088500000| Untracked 
|  68|0x0000000088600000, 0x0000000088600000, 0x0000000088700000|  0%| F|  |TAMS 0x0000000088600000, 0x0000000088600000| Untracked 
|  69|0x0000000088700000, 0x0000000088700000, 0x0000000088800000|  0%| F|  |TAMS 0x0000000088700000, 0x0000000088700000| Untracked 
|  70|0x0000000088800000, 0x0000000088800000, 0x0000000088900000|  0%| F|  |TAMS 0x0000000088800000, 0x0000000088800000| Untracked 
|  71|0x0000000088900000, 0x0000000088900000, 0x0000000088a00000|  0%| F|  |TAMS 0x0000000088900000, 0x0000000088900000| Untracked 
|  72|0x0000000088a00000, 0x0000000088a00000, 0x0000000088b00000|  0%| F|  |TAMS 0x0000000088a00000, 0x0000000088a00000| Untracked 
|  73|0x0000000088b00000, 0x0000000088b00000, 0x0000000088c00000|  0%| F|  |TAMS 0x0000000088b00000, 0x0000000088b00000| Untracked 
|  74|0x0000000088c00000, 0x0000000088c00000, 0x0000000088d00000|  0%| F|  |TAMS 0x0000000088c00000, 0x0000000088c00000| Untracked 
|  75|0x0000000088d00000, 0x0000000088d00000, 0x0000000088e00000|  0%| F|  |TAMS 0x0000000088d00000, 0x0000000088d00000| Untracked 
|  76|0x0000000088e00000, 0x0000000088e00000, 0x0000000088f00000|  0%| F|  |TAMS 0x0000000088e00000, 0x0000000088e00000| Untracked 
|  77|0x0000000088f00000, 0x0000000088f00000, 0x0000000089000000|  0%| F|  |TAMS 0x0000000088f00000, 0x0000000088f00000| Untracked 
|  78|0x0000000089000000, 0x0000000089000000, 0x0000000089100000|  0%| F|  |TAMS 0x0000000089000000, 0x0000000089000000| Untracked 
|  79|0x0000000089100000, 0x0000000089100000, 0x0000000089200000|  0%| F|  |TAMS 0x0000000089100000, 0x0000000089100000| Untracked 
|  80|0x0000000089200000, 0x0000000089200000, 0x0000000089300000|  0%| F|  |TAMS 0x0000000089200000, 0x0000000089200000| Untracked 
|  81|0x0000000089300000, 0x0000000089300000, 0x0000000089400000|  0%| F|  |TAMS 0x0000000089300000, 0x0000000089300000| Untracked 
|  82|0x0000000089400000, 0x0000000089400000, 0x0000000089500000|  0%| F|  |TAMS 0x0000000089400000, 0x0000000089400000| Untracked 
|  83|0x0000000089500000, 0x0000000089500000, 0x0000000089600000|  0%| F|  |TAMS 0x0000000089500000, 0x0000000089500000| Untracked 
|  84|0x0000000089600000, 0x0000000089600000, 0x0000000089700000|  0%| F|  |TAMS 0x0000000089600000, 0x0000000089600000| Untracked 
|  85|0x0000000089700000, 0x0000000089700000, 0x0000000089800000|  0%| F|  |TAMS 0x0000000089700000, 0x0000000089700000| Untracked 
|  86|0x0000000089800000, 0x0000000089800000, 0x0000000089900000|  0%| F|  |TAMS 0x0000000089800000, 0x0000000089800000| Untracked 
|  87|0x0000000089900000, 0x0000000089900000, 0x0000000089a00000|  0%| F|  |TAMS 0x0000000089900000, 0x0000000089900000| Untracked 
|  88|0x0000000089a00000, 0x0000000089a00000, 0x0000000089b00000|  0%| F|  |TAMS 0x0000000089a00000, 0x0000000089a00000| Untracked 
|  89|0x0000000089b00000, 0x0000000089b00000, 0x0000000089c00000|  0%| F|  |TAMS 0x0000000089b00000, 0x0000000089b00000| Untracked 
|  90|0x0000000089c00000, 0x0000000089c00000, 0x0000000089d00000|  0%| F|  |TAMS 0x0000000089c00000, 0x0000000089c00000| Untracked 
|  91|0x0000000089d00000, 0x0000000089d00000, 0x0000000089e00000|  0%| F|  |TAMS 0x0000000089d00000, 0x0000000089d00000| Untracked 
|  92|0x0000000089e00000, 0x0000000089e00000, 0x0000000089f00000|  0%| F|  |TAMS 0x0000000089e00000, 0x0000000089e00000| Untracked 
|  93|0x0000000089f00000, 0x0000000089f00000, 0x000000008a000000|  0%| F|  |TAMS 0x0000000089f00000, 0x0000000089f00000| Untracked 
|  94|0x000000008a000000, 0x000000008a000000, 0x000000008a100000|  0%| F|  |TAMS 0x000000008a000000, 0x000000008a000000| Untracked 
|  95|0x000000008a100000, 0x000000008a180800, 0x000000008a200000| 50%| E|  |TAMS 0x000000008a100000, 0x000000008a100000| Complete 
|  96|0x000000008a200000, 0x000000008a300000, 0x000000008a300000|100%| E|CS|TAMS 0x000000008a200000, 0x000000008a200000| Complete 
|  97|0x000000008a300000, 0x000000008a400000, 0x000000008a400000|100%| E|CS|TAMS 0x000000008a300000, 0x000000008a300000| Complete 
|  98|0x000000008a400000, 0x000000008a500000, 0x000000008a500000|100%| E|CS|TAMS 0x000000008a400000, 0x000000008a400000| Complete 
|  99|0x000000008a500000, 0x000000008a600000, 0x000000008a600000|100%| S|CS|TAMS 0x000000008a500000, 0x000000008a500000| Complete 
| 100|0x000000008a600000, 0x000000008a700000, 0x000000008a700000|100%| S|CS|TAMS 0x000000008a600000, 0x000000008a600000| Complete 
| 101|0x000000008a700000, 0x000000008a800000, 0x000000008a800000|100%| S|CS|TAMS 0x000000008a700000, 0x000000008a700000| Complete 
| 102|0x000000008a800000, 0x000000008a900000, 0x000000008a900000|100%| E|CS|TAMS 0x000000008a800000, 0x000000008a800000| Complete 
| 103|0x000000008a900000, 0x000000008aa00000, 0x000000008aa00000|100%| E|CS|TAMS 0x000000008a900000, 0x000000008a900000| Complete 
| 104|0x000000008aa00000, 0x000000008ab00000, 0x000000008ab00000|100%| E|CS|TAMS 0x000000008aa00000, 0x000000008aa00000| Complete 
| 105|0x000000008ab00000, 0x000000008ac00000, 0x000000008ac00000|100%| E|CS|TAMS 0x000000008ab00000, 0x000000008ab00000| Complete 
| 106|0x000000008ac00000, 0x000000008ad00000, 0x000000008ad00000|100%| E|CS|TAMS 0x000000008ac00000, 0x000000008ac00000| Complete 
| 107|0x000000008ad00000, 0x000000008ae00000, 0x000000008ae00000|100%| E|CS|TAMS 0x000000008ad00000, 0x000000008ad00000| Complete 
| 108|0x000000008ae00000, 0x000000008af00000, 0x000000008af00000|100%| E|CS|TAMS 0x000000008ae00000, 0x000000008ae00000| Complete 
| 109|0x000000008af00000, 0x000000008b000000, 0x000000008b000000|100%| E|CS|TAMS 0x000000008af00000, 0x000000008af00000| Complete 
| 110|0x000000008b000000, 0x000000008b100000, 0x000000008b100000|100%| E|CS|TAMS 0x000000008b000000, 0x000000008b000000| Complete 
| 111|0x000000008b100000, 0x000000008b200000, 0x000000008b200000|100%| E|CS|TAMS 0x000000008b100000, 0x000000008b100000| Complete 
| 112|0x000000008b200000, 0x000000008b300000, 0x000000008b300000|100%| E|CS|TAMS 0x000000008b200000, 0x000000008b200000| Complete 
| 113|0x000000008b300000, 0x000000008b400000, 0x000000008b400000|100%| E|CS|TAMS 0x000000008b300000, 0x000000008b300000| Complete 
| 114|0x000000008b400000, 0x000000008b500000, 0x000000008b500000|100%| E|CS|TAMS 0x000000008b400000, 0x000000008b400000| Complete 
| 115|0x000000008b500000, 0x000000008b600000, 0x000000008b600000|100%| E|CS|TAMS 0x000000008b500000, 0x000000008b500000| Complete 
| 116|0x000000008b600000, 0x000000008b700000, 0x000000008b700000|100%| E|CS|TAMS 0x000000008b600000, 0x000000008b600000| Complete 
| 117|0x000000008b700000, 0x000000008b800000, 0x000000008b800000|100%| E|CS|TAMS 0x000000008b700000, 0x000000008b700000| Complete 
| 118|0x000000008b800000, 0x000000008b900000, 0x000000008b900000|100%| E|CS|TAMS 0x000000008b800000, 0x000000008b800000| Complete 
| 119|0x000000008b900000, 0x000000008ba00000, 0x000000008ba00000|100%| E|CS|TAMS 0x000000008b900000, 0x000000008b900000| Complete 
| 120|0x000000008ba00000, 0x000000008bb00000, 0x000000008bb00000|100%| E|CS|TAMS 0x000000008ba00000, 0x000000008ba00000| Complete 
| 121|0x000000008bb00000, 0x000000008bc00000, 0x000000008bc00000|100%| E|CS|TAMS 0x000000008bb00000, 0x000000008bb00000| Complete 
| 122|0x000000008bc00000, 0x000000008bd00000, 0x000000008bd00000|100%| E|CS|TAMS 0x000000008bc00000, 0x000000008bc00000| Complete 
| 123|0x000000008bd00000, 0x000000008be00000, 0x000000008be00000|100%| E|CS|TAMS 0x000000008bd00000, 0x000000008bd00000| Complete 
|1980|0x00000000ffe00000, 0x00000000ffe47000, 0x00000000fff00000| 27%|OA|  |TAMS 0x00000000ffe00000, 0x00000000ffe00000| Untracked 
|1981|0x00000000fff00000, 0x00000000fff6b000, 0x0000000100000000| 41%|CA|  |TAMS 0x00000000fff00000, 0x00000000fff00000| Untracked 

Card table byte_map: [0x00007f6452f41000,0x00007f6453320000] _byte_map_base: 0x00007f6452b20000

Marking Bits (Prev, Next): (CMBitMap*) 0x00007f646c059c88, (CMBitMap*) 0x00007f646c059cc0
 Prev Bits: [0x00007f6450c6a000, 0x00007f6452b62000)
 Next Bits: [0x00007f644a108000, 0x00007f644c000000)

Polling page: 0x00007f6473945000

Metaspace:

Usage:
  Non-class:     13.86 MB capacity,    13.42 MB ( 97%) used,   376.05 KB (  3%) free+waste,    68.50 KB ( <1%) overhead. 
      Class:      2.08 MB capacity,     1.82 MB ( 88%) used,   224.63 KB ( 11%) free+waste,    34.62 KB (  2%) overhead. 
       Both:     15.94 MB capacity,    15.25 MB ( 96%) used,   600.69 KB (  4%) free+waste,   103.12 KB ( <1%) overhead. 

Virtual space:
  Non-class space:       14.00 MB reserved,      14.00 MB (100%) committed 
      Class space:        1.00 GB reserved,       2.12 MB ( <1%) committed 
             Both:        1.01 GB reserved,      16.12 MB (  2%) committed 

Chunk freelists:
   Non-Class:  41.00 KB
       Class:  17.00 KB
        Both:  58.00 KB

MaxMetaspaceSize: unlimited
CompressedClassSpaceSize: 1.00 GB
Initial GC threshold: 20.80 MB
Current GC threshold: 20.80 MB
CDS: on

CodeHeap 'non-profiled nmethods': size=120032Kb used=650Kb max_used=650Kb free=119382Kb
 bounds [0x00007f645baa5000, 0x00007f645bd15000, 0x00007f6462fdd000]
CodeHeap 'profiled nmethods': size=120032Kb used=3644Kb max_used=3644Kb free=116387Kb
 bounds [0x00007f645456d000, 0x00007f64548fd000, 0x00007f645baa5000]
CodeHeap 'non-nmethods': size=5696Kb used=1282Kb max_used=1316Kb free=4413Kb
 bounds [0x00007f6453fdd000, 0x00007f645424d000, 0x00007f645456d000]
 total_blobs=2297 nmethods=1807 adapters=411
 compilation: enabled
              stopped_count=0, restarted_count=0
 full_count=0

Compilation events (20 events):
Event: 7.180 Thread 0x00007f646c131000 nmethod 1798 0x00007f64548f8990 code [0x00007f64548f8b40, 0x00007f64548f8c50]
Event: 7.180 Thread 0x00007f646c131000 1799       1       java.util.Formatter$FormatSpecifier::index (5 bytes)
Event: 7.180 Thread 0x00007f646c12f000 nmethod 1778 0x00007f645bb43a10 code [0x00007f645bb43c40, 0x00007f645bb452e8]
Event: 7.181 Thread 0x00007f646c12f000 1779       4       java.util.regex.Pattern$Branch::match (66 bytes)
Event: 7.181 Thread 0x00007f646c131000 nmethod 1799 0x00007f645bb45e10 code [0x00007f645bb45fc0, 0x00007f645bb46090]
Event: 7.188 Thread 0x00007f646c12f000 nmethod 1779 0x00007f645bb46110 code [0x00007f645bb46300, 0x00007f645bb46a28]
Event: 7.250 Thread 0x00007f646c131000 1801       3       java.util.Arrays::binarySearch (9 bytes)
Event: 7.250 Thread 0x00007f646c131000 nmethod 1801 0x00007f64548f8d10 code [0x00007f64548f8ec0, 0x00007f64548f8fe0]
Event: 7.251 Thread 0x00007f646c131000 1800       3       com.google.common.base.CharMatcher$AnyOf::matches (17 bytes)
Event: 7.251 Thread 0x00007f646c131000 nmethod 1800 0x00007f64548f9090 code [0x00007f64548f9260, 0x00007f64548f9480]
Event: 7.251 Thread 0x00007f646c131000 1802       3       com.google.common.base.CharMatcher$Ascii::matches (12 bytes)
Event: 7.251 Thread 0x00007f646c131000 nmethod 1802 0x00007f64548f9590 code [0x00007f64548f9740, 0x00007f64548f98b0]
Event: 7.251 Thread 0x00007f646c131000 1804       3       sun.util.locale.LocaleUtils::isAlpha (30 bytes)
Event: 7.251 Thread 0x00007f646c131000 nmethod 1804 0x00007f64548f9990 code [0x00007f64548f9b40, 0x00007f64548f9d10]
Event: 7.251 Thread 0x00007f646c131000 1803       1       com.google.common.collect.ImmutableEntry::getValue (5 bytes)
Event: 7.251 Thread 0x00007f646c131000 nmethod 1803 0x00007f645bb47110 code [0x00007f645bb472c0, 0x00007f645bb47390]
Event: 367.251 Thread 0x00007f646c131000 1806       3       java.util.HashMap::removeNode (291 bytes)
Event: 367.255 Thread 0x00007f646c131000 nmethod 1806 0x00007f64548f9d90 code [0x00007f64548fa020, 0x00007f64548fb3b0]
Event: 367.255 Thread 0x00007f646c131000 1805       3       java.util.HashMap::remove (26 bytes)
Event: 367.256 Thread 0x00007f646c131000 nmethod 1805 0x00007f64548fb990 code [0x00007f64548fbb80, 0x00007f64548fbf10]

GC Heap History (2 events):
Event: 4.514 GC heap before
{Heap before GC invocations=0 (full 0):
 garbage-first heap   total 129024K, used 23240K [0x0000000084200000, 0x0000000100000000)
  region size 1024K, 22 young (22528K), 0 survivors (0K)
 Metaspace       used 9570K, capacity 9943K, committed 10240K, reserved 1058816K
  class space    used 1097K, capacity 1238K, committed 1280K, reserved 1048576K
}
Event: 4.521 GC heap after
{Heap after GC invocations=1 (full 0):
 garbage-first heap   total 129024K, used 3989K [0x0000000084200000, 0x0000000100000000)
  region size 1024K, 3 young (3072K), 3 survivors (3072K)
 Metaspace       used 9570K, capacity 9943K, committed 10240K, reserved 1058816K
  class space    used 1097K, capacity 1238K, committed 1280K, reserved 1048576K
}

Deoptimization events (20 events):
Event: 4.625 Thread 0x00007f646c66c000 DEOPT PACKING pc=0x00007f645bb00ce4 sp=0x00007f64395abef0
Event: 4.625 Thread 0x00007f646c66c000 DEOPT UNPACKING pc=0x00007f6454026ea5 sp=0x00007f64395abe98 mode 2
Event: 4.649 Thread 0x00007f646c018800 Uncommon trap: trap_request=0xffffff4d fr.pc=0x00007f645bb15f48 relative=0x00000000000004a8
Event: 4.649 Thread 0x00007f646c018800 Uncommon trap: reason=unstable_if action=reinterpret pc=0x00007f645bb15f48 method=jdk.internal.org.objectweb.asm.Type.getArgumentsAndReturnSizes(Ljava/lang/String;)I @ 41 c2
Event: 4.649 Thread 0x00007f646c018800 DEOPT PACKING pc=0x00007f645bb15f48 sp=0x00007f6473929e00
Event: 4.649 Thread 0x00007f646c018800 DEOPT UNPACKING pc=0x00007f6454026ea5 sp=0x00007f6473929db0 mode 2
Event: 4.656 Thread 0x00007f646c018800 DEOPT PACKING pc=0x00007f64546b48d4 sp=0x00007f647392a3f0
Event: 4.656 Thread 0x00007f646c018800 DEOPT UNPACKING pc=0x00007f645402764a sp=0x00007f64739298a8 mode 1
Event: 4.656 Thread 0x00007f646c018800 DEOPT PACKING pc=0x00007f64546cd304 sp=0x00007f647392a4c0
Event: 4.656 Thread 0x00007f646c018800 DEOPT UNPACKING pc=0x00007f645402764a sp=0x00007f6473929998 mode 1
Event: 4.698 Thread 0x00007f646c018800 Uncommon trap: trap_request=0xffffff4d fr.pc=0x00007f645bb25120 relative=0x00000000000001c0
Event: 4.698 Thread 0x00007f646c018800 Uncommon trap: reason=unstable_if action=reinterpret pc=0x00007f645bb25120 method=java.util.regex.Pattern$BmpCharProperty.match(Ljava/util/regex/Matcher;ILjava/lang/CharSequence;)Z @ 5 c2
Event: 4.698 Thread 0x00007f646c018800 DEOPT PACKING pc=0x00007f645bb25120 sp=0x00007f6473929b70
Event: 4.698 Thread 0x00007f646c018800 DEOPT UNPACKING pc=0x00007f6454026ea5 sp=0x00007f6473929b58 mode 2
Event: 5.107 Thread 0x00007f646c018800 Uncommon trap: trap_request=0xffffff4d fr.pc=0x00007f645bb12568 relative=0x00000000000013a8
Event: 5.107 Thread 0x00007f646c018800 Uncommon trap: reason=unstable_if action=reinterpret pc=0x00007f645bb12568 method=java.util.concurrent.ConcurrentHashMap.putVal(Ljava/lang/Object;Ljava/lang/Object;Z)Ljava/lang/Object; @ 256 c2
Event: 5.107 Thread 0x00007f646c018800 DEOPT PACKING pc=0x00007f645bb12568 sp=0x00007f647392ac80
Event: 5.107 Thread 0x00007f646c018800 DEOPT UNPACKING pc=0x00007f6454026ea5 sp=0x00007f647392ac18 mode 2
Event: 5.140 Thread 0x00007f646c018800 DEOPT PACKING pc=0x00007f64547e34cc sp=0x00007f647392b510
Event: 5.140 Thread 0x00007f646c018800 DEOPT UNPACKING pc=0x00007f645402764a sp=0x00007f647392aa38 mode 1

Classes redefined (3 events):
Event: 195.470 Thread 0x00007f646c118800 redefined class name=workfall.Client, count=1
Event: 719.651 Thread 0x00007f646c118800 redefined class name=workfall.Client, count=2
Event: 860.403 Thread 0x00007f646c118800 redefined class name=workfall.Client, count=3

Internal exceptions (20 events):
Event: 4.624 Thread 0x00007f646c664000 Exception <a 'java/lang/NoSuchMethodError'{0x000000008b4a8568}: 'java.lang.Object java.lang.invoke.DirectMethodHandle$Holder.invokeStatic(java.lang.Object, java.lang.Object, java.lang.Object, int)'> (0x000000008b4a8568) thrown at [src/hotspot/share/interpreter/linkResolver.cpp, line 773]
Event: 4.624 Thread 0x00007f646c664000 Exception <a 'java/lang/NoSuchMethodError'{0x000000008b4abc88}: 'java.lang.Object java.lang.invoke.DirectMethodHandle$Holder.invokeSpecial(java.lang.Object, java.lang.Object, java.lang.Object, java.lang.Object, int)'> (0x000000008b4abc88) thrown at [src/hotspot/share/interpreter/linkResolver.cpp, line 773]
Event: 4.625 Thread 0x00007f646c664000 Exception <a 'java/lang/NoSuchMethodError'{0x000000008b4aea48}: 'java.lang.Object java.lang.invoke.Invokers$Holder.linkToTargetMethod(java.lang.Object, java.lang.Object, int, java.lang.Object)'> (0x000000008b4aea48) thrown at [src/hotspot/share/interpreter/linkResolver.cpp, line 773]
Event: 4.625 Thread 0x00007f646c66c000 Exception <a 'java/net/ConnectException'{0x000000008b3886d0}> (0x000000008b3886d0) thrown at [src/hotspot/share/prims/jni.cpp, line 617]
Event: 4.644 Thread 0x00007f646c018800 Exception <a 'java/lang/NoSuchMethodError'{0x000000008b2206f8}: 'java.lang.Object java.lang.invoke.DirectMethodHandle$Holder.invokeInterface(java.lang.Object, java.lang.Object, java.lang.Object)'> (0x000000008b2206f8) thrown at [src/hotspot/share/interpreter/linkResolver.cpp, line 773]
Event: 4.644 Thread 0x00007f646c018800 Exception <a 'java/lang/IncompatibleClassChangeError'{0x000000008b2238b0}: Found class java.lang.Object, but interface was expected> (0x000000008b2238b0) thrown at [src/hotspot/share/interpreter/linkResolver.cpp, line 839]
Event: 4.645 Thread 0x00007f646c018800 Exception <a 'java/lang/NoSuchMethodError'{0x000000008b22bd08}: 'int java.lang.invoke.DirectMethodHandle$Holder.invokeSpecialIFC(java.lang.Object, java.lang.Object, java.lang.Object, java.lang.Object)'> (0x000000008b22bd08) thrown at [src/hotspot/share/interpreter/linkResolver.cpp, line 773]
Event: 4.649 Thread 0x00007f646c018800 Exception <a 'java/lang/NoSuchMethodError'{0x000000008b296188}: 'double java.lang.invoke.DirectMethodHandle$Holder.invokeVirtual(java.lang.Object, java.lang.Object)'> (0x000000008b296188) thrown at [src/hotspot/share/interpreter/linkResolver.cpp, line 773]
Event: 4.650 Thread 0x00007f646c018800 Exception <a 'java/lang/NoSuchMethodError'{0x000000008b29bf20}: 'float java.lang.invoke.DirectMethodHandle$Holder.invokeVirtual(java.lang.Object, java.lang.Object)'> (0x000000008b29bf20) thrown at [src/hotspot/share/interpreter/linkResolver.cpp, line 773]
Event: 4.650 Thread 0x00007f646c018800 Exception <a 'java/lang/NoSuchMethodError'{0x000000008b2a43a0}: 'long java.lang.invoke.DirectMethodHandle$Holder.invokeVirtual(java.lang.Object, java.lang.Object)'> (0x000000008b2a43a0) thrown at [src/hotspot/share/interpreter/linkResolver.cpp, line 773]
Event: 4.652 Thread 0x00007f646c018800 Exception <a 'java/lang/NoSuchMethodError'{0x000000008b2d1930}: 'java.lang.Object java.lang.invoke.DirectMethodHandle$Holder.invokeVirtual(java.lang.Object, java.lang.Object, java.lang.Object)'> (0x000000008b2d1930) thrown at [src/hotspot/share/interpreter/linkResolver.cpp, line 773]
Event: 4.658 Thread 0x00007f646c018800 Exception <a 'java/lang/NoSuchMethodError'{0x000000008b1430a8}: 'void java.lang.invoke.DirectMethodHandle$Holder.invokeSpecial(java.lang.Object, java.lang.Object, java.lang.Object, java.lang.Object)'> (0x000000008b1430a8) thrown at [src/hotspot/share/interpreter/linkResolver.cpp, line 773]
Event: 4.666 Thread 0x00007f646c018800 Exception <a 'java/lang/NoSuchMethodError'{0x000000008b1fec60}: 'void java.lang.invoke.DirectMethodHandle$Holder.invokeSpecial(java.lang.Object, java.lang.Object, java.lang.Object, java.lang.Object, java.lang.Object)'> (0x000000008b1fec60) thrown at [src/hotspot/share/interpreter/linkResolver.cpp, line 773]
Event: 5.103 Thread 0x00007f646c018800 Exception <a 'java/lang/NoSuchMethodError'{0x000000008a848528}: 'java.lang.Object java.lang.invoke.DirectMethodHandle$Holder.invokeSpecialIFC(java.lang.Object, java.lang.Object, java.lang.Object)'> (0x000000008a848528) thrown at [src/hotspot/share/interpreter/linkResolver.cpp, line 773]
Event: 5.116 Thread 0x00007f646c018800 Exception <a 'java/lang/ClassNotFoundException'{0x000000008a42b370}: sun/util/logging/resources/spi/loggingProvider> (0x000000008a42b370) thrown at [src/hotspot/share/classfile/systemDictionary.cpp, line 230]
Event: 5.133 Thread 0x00007f646c018800 Exception <a 'java/lang/NoSuchMethodError'{0x000000008a34f540}: 'void java.lang.invoke.DirectMethodHandle$Holder.invokeInterface(java.lang.Object, java.lang.Object)'> (0x000000008a34f540) thrown at [src/hotspot/share/interpreter/linkResolver.cpp, line 773]
Event: 5.145 Thread 0x00007f646c018800 Exception <a 'java/net/SocketTimeoutException'{0x000000008a20c930}: Read timed out> (0x000000008a20c930) thrown at [src/hotspot/share/prims/jni.cpp, line 638]
Event: 7.028 Thread 0x00007f646c018800 Exception <a 'java/net/SocketTimeoutException'{0x000000008a254290}: Read timed out> (0x000000008a254290) thrown at [src/hotspot/share/prims/jni.cpp, line 638]
Event: 7.141 Thread 0x00007f646c018800 Exception <a 'java/net/SocketTimeoutException'{0x000000008a2678b0}: Read timed out> (0x000000008a2678b0) thrown at [src/hotspot/share/prims/jni.cpp, line 638]
Event: 7.182 Thread 0x00007f646c018800 Exception <a 'java/net/SocketTimeoutException'{0x000000008a2a84c8}: Read timed out> (0x000000008a2a84c8) thrown at [src/hotspot/share/prims/jni.cpp, line 638]

Events (20 events):
Event: 860.432 Executing VM operation: ChangeBreakpoints done
Event: 860.435 Executing VM operation: ChangeBreakpoints
Event: 860.435 Executing VM operation: ChangeBreakpoints done
Event: 860.436 Executing VM operation: GetFrameCount
Event: 860.436 Executing VM operation: GetFrameCount done
Event: 860.436 Executing VM operation: GetStackTrace
Event: 860.436 Executing VM operation: GetStackTrace done
Event: 860.436 Executing VM operation: GetFrameCount
Event: 860.436 Executing VM operation: GetFrameCount done
Event: 860.436 Executing VM operation: SetFramePop
Event: 860.436 Executing VM operation: SetFramePop done
Event: 860.436 Executing VM operation: GetFrameLocation
Event: 860.436 Executing VM operation: GetFrameLocation done
Event: 860.436 Executing VM operation: GetCurrentLocation
Event: 860.436 Executing VM operation: GetCurrentLocation done
Event: 860.436 Executing VM operation: ChangeSingleStep
Event: 860.436 Executing VM operation: ChangeSingleStep done
Event: 860.437 Executing VM operation: GetFrameLocation
Event: 860.437 Executing VM operation: GetFrameLocation done
Event: 860.437 Executing VM operation: GetOrSetLocal


Dynamic libraries:
84200000-8be00000 rw-p 00000000 00:00 0 
8be00000-ffe00000 ---p 00000000 00:00 0 
ffe00000-ffe47000 rw-p 01119000 08:01 524472                             /usr/lib/jvm/java-11-openjdk-amd64/lib/server/classes.jsa
ffe47000-fff00000 rw-p 00000000 00:00 0 
fff00000-fff6b000 rw-p 010ae000 08:01 524472                             /usr/lib/jvm/java-11-openjdk-amd64/lib/server/classes.jsa
fff6b000-100000000 rw-p 00000000 00:00 0 
800000000-800002000 rwxp 00001000 08:01 524472                           /usr/lib/jvm/java-11-openjdk-amd64/lib/server/classes.jsa
800002000-8010ad000 rw-p 00003000 08:01 524472                           /usr/lib/jvm/java-11-openjdk-amd64/lib/server/classes.jsa
840000000-840220000 rw-p 00000000 00:00 0 
840220000-880000000 ---p 00000000 00:00 0 
56383d765000-56383d766000 r-xp 00000000 08:01 526342                     /usr/lib/jvm/java-11-openjdk-amd64/bin/java
56383d966000-56383d967000 r--p 00001000 08:01 526342                     /usr/lib/jvm/java-11-openjdk-amd64/bin/java
56383d967000-56383d968000 rw-p 00002000 08:01 526342                     /usr/lib/jvm/java-11-openjdk-amd64/bin/java
56383d9a0000-56383d9c1000 rw-p 00000000 00:00 0                          [heap]
7f63c8000000-7f63c8021000 rw-p 00000000 00:00 0 
7f63c8021000-7f63cc000000 ---p 00000000 00:00 0 
7f63d0000000-7f63d0021000 rw-p 00000000 00:00 0 
7f63d0021000-7f63d4000000 ---p 00000000 00:00 0 
7f63d4000000-7f63d4021000 rw-p 00000000 00:00 0 
7f63d4021000-7f63d8000000 ---p 00000000 00:00 0 
7f63d8000000-7f63d8021000 rw-p 00000000 00:00 0 
7f63d8021000-7f63dc000000 ---p 00000000 00:00 0 
7f63dc000000-7f63dc021000 rw-p 00000000 00:00 0 
7f63dc021000-7f63e0000000 ---p 00000000 00:00 0 
7f63e0000000-7f63e0021000 rw-p 00000000 00:00 0 
7f63e0021000-7f63e4000000 ---p 00000000 00:00 0 
7f63e4000000-7f63e4021000 rw-p 00000000 00:00 0 
7f63e4021000-7f63e8000000 ---p 00000000 00:00 0 
7f63e8000000-7f63e816d000 rw-p 00000000 00:00 0 
7f63e816d000-7f63ec000000 ---p 00000000 00:00 0 
7f63ec000000-7f63ec022000 rw-p 00000000 00:00 0 
7f63ec022000-7f63f0000000 ---p 00000000 00:00 0 
7f63f0000000-7f63f0021000 rw-p 00000000 00:00 0 
7f63f0021000-7f63f4000000 ---p 00000000 00:00 0 
7f63f4000000-7f63f4021000 rw-p 00000000 00:00 0 
7f63f4021000-7f63f8000000 ---p 00000000 00:00 0 
7f63f8000000-7f63f8169000 rw-p 00000000 00:00 0 
7f63f8169000-7f63fc000000 ---p 00000000 00:00 0 
7f63fc000000-7f63fc021000 rw-p 00000000 00:00 0 
7f63fc021000-7f6400000000 ---p 00000000 00:00 0 
7f6400000000-7f6400021000 rw-p 00000000 00:00 0 
7f6400021000-7f6404000000 ---p 00000000 00:00 0 
7f6404000000-7f6404021000 rw-p 00000000 00:00 0 
7f6404021000-7f6408000000 ---p 00000000 00:00 0 
7f6408000000-7f6408021000 rw-p 00000000 00:00 0 
7f6408021000-7f640c000000 ---p 00000000 00:00 0 
7f640c000000-7f640c021000 rw-p 00000000 00:00 0 
7f640c021000-7f6410000000 ---p 00000000 00:00 0 
7f6410000000-7f6410021000 rw-p 00000000 00:00 0 
7f6410021000-7f6414000000 ---p 00000000 00:00 0 
7f6414000000-7f641402b000 rw-p 00000000 00:00 0 
7f641402b000-7f6418000000 ---p 00000000 00:00 0 
7f6418000000-7f6418475000 rw-p 00000000 00:00 0 
7f6418475000-7f641c000000 ---p 00000000 00:00 0 
7f641c000000-7f641c3a6000 rw-p 00000000 00:00 0 
7f641c3a6000-7f6420000000 ---p 00000000 00:00 0 
7f6420000000-7f6420021000 rw-p 00000000 00:00 0 
7f6420021000-7f6424000000 ---p 00000000 00:00 0 
7f6424000000-7f6424021000 rw-p 00000000 00:00 0 
7f6424021000-7f6428000000 ---p 00000000 00:00 0 
7f6428000000-7f6428021000 rw-p 00000000 00:00 0 
7f6428021000-7f642c000000 ---p 00000000 00:00 0 
7f642c000000-7f642c021000 rw-p 00000000 00:00 0 
7f642c021000-7f6430000000 ---p 00000000 00:00 0 
7f6430000000-7f6430034000 rw-p 00000000 00:00 0 
7f6430034000-7f6434000000 ---p 00000000 00:00 0 
7f6434000000-7f6434021000 rw-p 00000000 00:00 0 
7f6434021000-7f6438000000 ---p 00000000 00:00 0 
7f6438da8000-7f6438dac000 ---p 00000000 00:00 0 
7f6438dac000-7f6438ea9000 rw-p 00000000 00:00 0 
7f6438ea9000-7f6438ead000 ---p 00000000 00:00 0 
7f6438ead000-7f64391aa000 rw-p 00000000 00:00 0 
7f64391aa000-7f64391ae000 ---p 00000000 00:00 0 
7f64391ae000-7f64392ab000 rw-p 00000000 00:00 0 
7f64392ab000-7f64392af000 ---p 00000000 00:00 0 
7f64392af000-7f64393ac000 rw-p 00000000 00:00 0 
7f64393ac000-7f64393b0000 ---p 00000000 00:00 0 
7f64393b0000-7f64394ad000 rw-p 00000000 00:00 0 
7f64394ad000-7f64394b1000 ---p 00000000 00:00 0 
7f64394b1000-7f64395ae000 rw-p 00000000 00:00 0 
7f64395ae000-7f64395b2000 ---p 00000000 00:00 0 
7f64395b2000-7f64398af000 rw-p 00000000 00:00 0 
7f64398af000-7f64398b0000 ---p 00000000 00:00 0 
7f64398b0000-7f64399b1000 rw-p 00000000 00:00 0 
7f64399b1000-7f64399b2000 ---p 00000000 00:00 0 
7f64399b2000-7f6439ab3000 rw-p 00000000 00:00 0 
7f6439ab3000-7f6439ab4000 ---p 00000000 00:00 0 
7f6439ab4000-7f6439db5000 rw-p 00000000 00:00 0 
7f6439db5000-7f6439ddf000 r-xp 00000000 08:01 535110                     /usr/lib/jvm/java-11-openjdk-amd64/lib/libsunec.so
7f6439ddf000-7f6439fde000 ---p 0002a000 08:01 535110                     /usr/lib/jvm/java-11-openjdk-amd64/lib/libsunec.so
7f6439fde000-7f6439fe2000 r--p 00029000 08:01 535110                     /usr/lib/jvm/java-11-openjdk-amd64/lib/libsunec.so
7f6439fe2000-7f6439fe4000 rw-p 0002d000 08:01 535110                     /usr/lib/jvm/java-11-openjdk-amd64/lib/libsunec.so
7f6439fe4000-7f6439fe8000 ---p 00000000 00:00 0 
7f6439fe8000-7f643a0e5000 rw-p 00000000 00:00 0 
7f643a0e5000-7f643a0e7000 r-xp 00000000 08:01 532074                     /usr/lib/jvm/java-11-openjdk-amd64/lib/libextnet.so
7f643a0e7000-7f643a2e6000 ---p 00002000 08:01 532074                     /usr/lib/jvm/java-11-openjdk-amd64/lib/libextnet.so
7f643a2e6000-7f643a2e7000 r--p 00001000 08:01 532074                     /usr/lib/jvm/java-11-openjdk-amd64/lib/libextnet.so
7f643a2e7000-7f643a2e8000 rw-p 00002000 08:01 532074                     /usr/lib/jvm/java-11-openjdk-amd64/lib/libextnet.so
7f643a2e8000-7f643a2ec000 ---p 00000000 00:00 0 
7f643a2ec000-7f643a3e9000 rw-p 00000000 00:00 0 
7f643a3e9000-7f643a3fe000 r-xp 00000000 08:01 535091                     /usr/lib/jvm/java-11-openjdk-amd64/lib/libnet.so
7f643a3fe000-7f643a5fd000 ---p 00015000 08:01 535091                     /usr/lib/jvm/java-11-openjdk-amd64/lib/libnet.so
7f643a5fd000-7f643a5fe000 r--p 00014000 08:01 535091                     /usr/lib/jvm/java-11-openjdk-amd64/lib/libnet.so
7f643a5fe000-7f643a5ff000 rw-p 00015000 08:01 535091                     /usr/lib/jvm/java-11-openjdk-amd64/lib/libnet.so
7f643a5ff000-7f643a60f000 r-xp 00000000 08:01 535092                     /usr/lib/jvm/java-11-openjdk-amd64/lib/libnio.so
7f643a60f000-7f643a80e000 ---p 00010000 08:01 535092                     /usr/lib/jvm/java-11-openjdk-amd64/lib/libnio.so
7f643a80e000-7f643a80f000 r--p 0000f000 08:01 535092                     /usr/lib/jvm/java-11-openjdk-amd64/lib/libnio.so
7f643a80f000-7f643a810000 rw-p 00010000 08:01 535092                     /usr/lib/jvm/java-11-openjdk-amd64/lib/libnio.so
7f643a810000-7f643a814000 ---p 00000000 00:00 0 
7f643a814000-7f643a911000 rw-p 00000000 00:00 0 
7f643a911000-7f643a912000 ---p 00000000 00:00 0 
7f643a912000-7f643aa13000 rw-p 00000000 00:00 0 
7f643aa13000-7f643aa17000 ---p 00000000 00:00 0 
7f643aa17000-7f643ab14000 rw-p 00000000 00:00 0 
7f643ab14000-7f643ab18000 ---p 00000000 00:00 0 
7f643ab18000-7f643ac15000 rw-p 00000000 00:00 0 
7f643ac15000-7f643ac19000 ---p 00000000 00:00 0 
7f643ac19000-7f643ad16000 rw-p 00000000 00:00 0 
7f643ad16000-7f643ad1a000 r-xp 00000000 08:01 532073                     /usr/lib/jvm/java-11-openjdk-amd64/lib/libdt_socket.so
7f643ad1a000-7f643af1a000 ---p 00004000 08:01 532073                     /usr/lib/jvm/java-11-openjdk-amd64/lib/libdt_socket.so
7f643af1a000-7f643af1b000 r--p 00004000 08:01 532073                     /usr/lib/jvm/java-11-openjdk-amd64/lib/libdt_socket.so
7f643af1b000-7f643af1c000 rw-p 00005000 08:01 532073                     /usr/lib/jvm/java-11-openjdk-amd64/lib/libdt_socket.so
7f643af1c000-7f643af20000 ---p 00000000 00:00 0 
7f643af20000-7f643b01d000 rw-p 00000000 00:00 0 
7f643b01d000-7f643b021000 ---p 00000000 00:00 0 
7f643b021000-7f643b11e000 rw-p 00000000 00:00 0 
7f643b11e000-7f643b122000 ---p 00000000 00:00 0 
7f643b122000-7f643b21f000 rw-p 00000000 00:00 0 
7f643b21f000-7f643b223000 ---p 00000000 00:00 0 
7f643b223000-7f643b320000 rw-p 00000000 00:00 0 
7f643b320000-7f643b324000 ---p 00000000 00:00 0 
7f643b324000-7f643b421000 rw-p 00000000 00:00 0 
7f643b421000-7f643b6ff000 r--p 00000000 08:01 526007                     /usr/lib/locale/locale-archive
7f643b6ff000-7f643b703000 ---p 00000000 00:00 0 
7f643b703000-7f643c000000 rw-p 00000000 00:00 0 
7f643c000000-7f643c021000 rw-p 00000000 00:00 0 
7f643c021000-7f6440000000 ---p 00000000 00:00 0 
7f6440000000-7f6440021000 rw-p 00000000 00:00 0 
7f6440021000-7f6444000000 ---p 00000000 00:00 0 
7f6444000000-7f6444021000 rw-p 00000000 00:00 0 
7f6444021000-7f6448000000 ---p 00000000 00:00 0 
7f6448007000-7f644800b000 ---p 00000000 00:00 0 
7f644800b000-7f644a2f8000 rw-p 00000000 00:00 0 
7f644a2f8000-7f644bff8000 ---p 00000000 00:00 0 
7f644bff8000-7f644c000000 rw-p 00000000 00:00 0 
7f644c000000-7f644c021000 rw-p 00000000 00:00 0 
7f644c021000-7f6450000000 ---p 00000000 00:00 0 
7f64500b7000-7f64500bb000 ---p 00000000 00:00 0 
7f64500bb000-7f64500d9000 rw-p 00000000 00:00 0 
7f64500d9000-7f64500da000 ---p 00000000 00:00 0 
7f64500da000-7f645025c000 rw-p 00000000 00:00 0 
7f645025c000-7f645025d000 ---p 00000000 00:00 0 
7f645025d000-7f645035e000 rw-p 00000000 00:00 0 
7f645035e000-7f645035f000 ---p 00000000 00:00 0 
7f645035f000-7f6450a66000 rw-p 00000000 00:00 0 
7f6450a66000-7f6450a67000 ---p 00000000 00:00 0 
7f6450a67000-7f6450b68000 rw-p 00000000 00:00 0 
7f6450b68000-7f6450b69000 ---p 00000000 00:00 0 
7f6450b69000-7f6450e5a000 rw-p 00000000 00:00 0 
7f6450e5a000-7f6452b5a000 ---p 00000000 00:00 0 
7f6452b5a000-7f6452ba0000 rw-p 00000000 00:00 0 
7f6452ba0000-7f6452f40000 ---p 00000000 00:00 0 
7f6452f40000-7f6452f7f000 rw-p 00000000 00:00 0 
7f6452f7f000-7f645331f000 ---p 00000000 00:00 0 
7f645331f000-7f645335e000 rw-p 00000000 00:00 0 
7f645335e000-7f64536fe000 ---p 00000000 00:00 0 
7f64536fe000-7f6453d05000 rw-p 00000000 00:00 0 
7f6453d05000-7f6453d06000 ---p 00000000 00:00 0 
7f6453d06000-7f6453e0c000 rw-p 00000000 00:00 0 
7f6453e0c000-7f6453ef2000 ---p 00000000 00:00 0 
7f6453ef2000-7f6453efa000 rw-p 00000000 00:00 0 
7f6453efa000-7f6453fdd000 ---p 00000000 00:00 0 
7f6453fdd000-7f645424d000 rwxp 00000000 00:00 0 
7f645424d000-7f645456d000 ---p 00000000 00:00 0 
7f645456d000-7f64548fd000 rwxp 00000000 00:00 0 
7f64548fd000-7f645baa5000 ---p 00000000 00:00 0 
7f645baa5000-7f645bd15000 rwxp 00000000 00:00 0 
7f645bd15000-7f6462fdd000 ---p 00000000 00:00 0 
7f6462fdd000-7f646b7bf000 r--s 00000000 08:01 535141                     /usr/lib/jvm/java-11-openjdk-amd64/lib/modules
7f646b7bf000-7f646b7c6000 r-xp 00000000 08:01 535130                     /usr/lib/jvm/java-11-openjdk-amd64/lib/libzip.so
7f646b7c6000-7f646b9c6000 ---p 00007000 08:01 535130                     /usr/lib/jvm/java-11-openjdk-amd64/lib/libzip.so
7f646b9c6000-7f646b9c7000 r--p 00007000 08:01 535130                     /usr/lib/jvm/java-11-openjdk-amd64/lib/libzip.so
7f646b9c7000-7f646b9c8000 rw-p 00008000 08:01 535130                     /usr/lib/jvm/java-11-openjdk-amd64/lib/libzip.so
7f646b9c8000-7f646b9d3000 r-xp 00000000 08:01 6967604                    /lib/x86_64-linux-gnu/libnss_files-2.27.so
7f646b9d3000-7f646bbd2000 ---p 0000b000 08:01 6967604                    /lib/x86_64-linux-gnu/libnss_files-2.27.so
7f646bbd2000-7f646bbd3000 r--p 0000a000 08:01 6967604                    /lib/x86_64-linux-gnu/libnss_files-2.27.so
7f646bbd3000-7f646bbd4000 rw-p 0000b000 08:01 6967604                    /lib/x86_64-linux-gnu/libnss_files-2.27.so
7f646bbd4000-7f646bbda000 rw-p 00000000 00:00 0 
7f646bbda000-7f646bbf1000 r-xp 00000000 08:01 6967596                    /lib/x86_64-linux-gnu/libnsl-2.27.so
7f646bbf1000-7f646bdf0000 ---p 00017000 08:01 6967596                    /lib/x86_64-linux-gnu/libnsl-2.27.so
7f646bdf0000-7f646bdf1000 r--p 00016000 08:01 6967596                    /lib/x86_64-linux-gnu/libnsl-2.27.so
7f646bdf1000-7f646bdf2000 rw-p 00017000 08:01 6967596                    /lib/x86_64-linux-gnu/libnsl-2.27.so
7f646bdf2000-7f646bdf4000 rw-p 00000000 00:00 0 
7f646bdf4000-7f646bdff000 r-xp 00000000 08:01 6967607                    /lib/x86_64-linux-gnu/libnss_nis-2.27.so
7f646bdff000-7f646bffe000 ---p 0000b000 08:01 6967607                    /lib/x86_64-linux-gnu/libnss_nis-2.27.so
7f646bffe000-7f646bfff000 r--p 0000a000 08:01 6967607                    /lib/x86_64-linux-gnu/libnss_nis-2.27.so
7f646bfff000-7f646c000000 rw-p 0000b000 08:01 6967607                    /lib/x86_64-linux-gnu/libnss_nis-2.27.so
7f646c000000-7f646c77b000 rw-p 00000000 00:00 0 
7f646c77b000-7f6470000000 ---p 00000000 00:00 0 
7f647000f000-7f64700c3000 rw-p 00000000 00:00 0 
7f64700c3000-7f64700cb000 r-xp 00000000 08:01 6967599                    /lib/x86_64-linux-gnu/libnss_compat-2.27.so
7f64700cb000-7f64702cb000 ---p 00008000 08:01 6967599                    /lib/x86_64-linux-gnu/libnss_compat-2.27.so
7f64702cb000-7f64702cc000 r--p 00008000 08:01 6967599                    /lib/x86_64-linux-gnu/libnss_compat-2.27.so
7f64702cc000-7f64702cd000 rw-p 00009000 08:01 6967599                    /lib/x86_64-linux-gnu/libnss_compat-2.27.so
7f64702cd000-7f6470309000 r-xp 00000000 08:01 535081                     /usr/lib/jvm/java-11-openjdk-amd64/lib/libjdwp.so
7f6470309000-7f6470508000 ---p 0003c000 08:01 535081                     /usr/lib/jvm/java-11-openjdk-amd64/lib/libjdwp.so
7f6470508000-7f6470509000 r--p 0003b000 08:01 535081                     /usr/lib/jvm/java-11-openjdk-amd64/lib/libjdwp.so
7f6470509000-7f647050a000 rw-p 0003c000 08:01 535081                     /usr/lib/jvm/java-11-openjdk-amd64/lib/libjdwp.so
7f647050a000-7f647050f000 r-xp 00000000 08:01 535083                     /usr/lib/jvm/java-11-openjdk-amd64/lib/libjimage.so
7f647050f000-7f647070e000 ---p 00005000 08:01 535083                     /usr/lib/jvm/java-11-openjdk-amd64/lib/libjimage.so
7f647070e000-7f647070f000 r--p 00004000 08:01 535083                     /usr/lib/jvm/java-11-openjdk-amd64/lib/libjimage.so
7f647070f000-7f6470710000 rw-p 00005000 08:01 535083                     /usr/lib/jvm/java-11-openjdk-amd64/lib/libjimage.so
7f6470710000-7f6470738000 r-xp 00000000 08:01 533716                     /usr/lib/jvm/java-11-openjdk-amd64/lib/libjava.so
7f6470738000-7f6470938000 ---p 00028000 08:01 533716                     /usr/lib/jvm/java-11-openjdk-amd64/lib/libjava.so
7f6470938000-7f6470939000 r--p 00028000 08:01 533716                     /usr/lib/jvm/java-11-openjdk-amd64/lib/libjava.so
7f6470939000-7f647093a000 rw-p 00029000 08:01 533716                     /usr/lib/jvm/java-11-openjdk-amd64/lib/libjava.so
7f647093a000-7f647093b000 rw-p 00000000 00:00 0 
7f647093b000-7f6470948000 r-xp 00000000 08:01 535129                     /usr/lib/jvm/java-11-openjdk-amd64/lib/libverify.so
7f6470948000-7f6470b47000 ---p 0000d000 08:01 535129                     /usr/lib/jvm/java-11-openjdk-amd64/lib/libverify.so
7f6470b47000-7f6470b49000 r--p 0000c000 08:01 535129                     /usr/lib/jvm/java-11-openjdk-amd64/lib/libverify.so
7f6470b49000-7f6470b4a000 rw-p 0000e000 08:01 535129                     /usr/lib/jvm/java-11-openjdk-amd64/lib/libverify.so
7f6470b4a000-7f6470b51000 r-xp 00000000 08:01 6967616                    /lib/x86_64-linux-gnu/librt-2.27.so
7f6470b51000-7f6470d50000 ---p 00007000 08:01 6967616                    /lib/x86_64-linux-gnu/librt-2.27.so
7f6470d50000-7f6470d51000 r--p 00006000 08:01 6967616                    /lib/x86_64-linux-gnu/librt-2.27.so
7f6470d51000-7f6470d52000 rw-p 00007000 08:01 6967616                    /lib/x86_64-linux-gnu/librt-2.27.so
7f6470d52000-7f6470d69000 r-xp 00000000 08:01 6947355                    /lib/x86_64-linux-gnu/libgcc_s.so.1
7f6470d69000-7f6470f68000 ---p 00017000 08:01 6947355                    /lib/x86_64-linux-gnu/libgcc_s.so.1
7f6470f68000-7f6470f69000 r--p 00016000 08:01 6947355                    /lib/x86_64-linux-gnu/libgcc_s.so.1
7f6470f69000-7f6470f6a000 rw-p 00017000 08:01 6947355                    /lib/x86_64-linux-gnu/libgcc_s.so.1
7f6470f6a000-7f6471107000 r-xp 00000000 08:01 6967593                    /lib/x86_64-linux-gnu/libm-2.27.so
7f6471107000-7f6471306000 ---p 0019d000 08:01 6967593                    /lib/x86_64-linux-gnu/libm-2.27.so
7f6471306000-7f6471307000 r--p 0019c000 08:01 6967593                    /lib/x86_64-linux-gnu/libm-2.27.so
7f6471307000-7f6471308000 rw-p 0019d000 08:01 6967593                    /lib/x86_64-linux-gnu/libm-2.27.so
7f6471308000-7f6471481000 r-xp 00000000 08:01 525336                     /usr/lib/x86_64-linux-gnu/libstdc++.so.6.0.25
7f6471481000-7f6471681000 ---p 00179000 08:01 525336                     /usr/lib/x86_64-linux-gnu/libstdc++.so.6.0.25
7f6471681000-7f647168b000 r--p 00179000 08:01 525336                     /usr/lib/x86_64-linux-gnu/libstdc++.so.6.0.25
7f647168b000-7f647168d000 rw-p 00183000 08:01 525336                     /usr/lib/x86_64-linux-gnu/libstdc++.so.6.0.25
7f647168d000-7f6471691000 rw-p 00000000 00:00 0 
7f6471691000-7f6472789000 r-xp 00000000 08:01 535149                     /usr/lib/jvm/java-11-openjdk-amd64/lib/server/libjvm.so
7f6472789000-7f6472989000 ---p 010f8000 08:01 535149                     /usr/lib/jvm/java-11-openjdk-amd64/lib/server/libjvm.so
7f6472989000-7f6472a4d000 r--p 010f8000 08:01 535149                     /usr/lib/jvm/java-11-openjdk-amd64/lib/server/libjvm.so
7f6472a4d000-7f6472a88000 rw-p 011bc000 08:01 535149                     /usr/lib/jvm/java-11-openjdk-amd64/lib/server/libjvm.so
7f6472a88000-7f6472adf000 rw-p 00000000 00:00 0 
7f6472adf000-7f6472af9000 r-xp 00000000 08:01 6967610                    /lib/x86_64-linux-gnu/libpthread-2.27.so
7f6472af9000-7f6472cf8000 ---p 0001a000 08:01 6967610                    /lib/x86_64-linux-gnu/libpthread-2.27.so
7f6472cf8000-7f6472cf9000 r--p 00019000 08:01 6967610                    /lib/x86_64-linux-gnu/libpthread-2.27.so
7f6472cf9000-7f6472cfa000 rw-p 0001a000 08:01 6967610                    /lib/x86_64-linux-gnu/libpthread-2.27.so
7f6472cfa000-7f6472cfe000 rw-p 00000000 00:00 0 
7f6472cfe000-7f6472d01000 r-xp 00000000 08:01 6967592                    /lib/x86_64-linux-gnu/libdl-2.27.so
7f6472d01000-7f6472f00000 ---p 00003000 08:01 6967592                    /lib/x86_64-linux-gnu/libdl-2.27.so
7f6472f00000-7f6472f01000 r--p 00002000 08:01 6967592                    /lib/x86_64-linux-gnu/libdl-2.27.so
7f6472f01000-7f6472f02000 rw-p 00003000 08:01 6967592                    /lib/x86_64-linux-gnu/libdl-2.27.so
7f6472f02000-7f6472f1e000 r-xp 00000000 08:01 6953480                    /lib/x86_64-linux-gnu/libz.so.1.2.11
7f6472f1e000-7f647311d000 ---p 0001c000 08:01 6953480                    /lib/x86_64-linux-gnu/libz.so.1.2.11
7f647311d000-7f647311e000 r--p 0001b000 08:01 6953480                    /lib/x86_64-linux-gnu/libz.so.1.2.11
7f647311e000-7f647311f000 rw-p 0001c000 08:01 6953480                    /lib/x86_64-linux-gnu/libz.so.1.2.11
7f647311f000-7f6473306000 r-xp 00000000 08:01 6967589                    /lib/x86_64-linux-gnu/libc-2.27.so
7f6473306000-7f6473506000 ---p 001e7000 08:01 6967589                    /lib/x86_64-linux-gnu/libc-2.27.so
7f6473506000-7f647350a000 r--p 001e7000 08:01 6967589                    /lib/x86_64-linux-gnu/libc-2.27.so
7f647350a000-7f647350c000 rw-p 001eb000 08:01 6967589                    /lib/x86_64-linux-gnu/libc-2.27.so
7f647350c000-7f6473510000 rw-p 00000000 00:00 0 
7f6473510000-7f647351f000 r-xp 00000000 08:01 532062                     /usr/lib/jvm/java-11-openjdk-amd64/lib/jli/libjli.so
7f647351f000-7f647371e000 ---p 0000f000 08:01 532062                     /usr/lib/jvm/java-11-openjdk-amd64/lib/jli/libjli.so
7f647371e000-7f647371f000 r--p 0000e000 08:01 532062                     /usr/lib/jvm/java-11-openjdk-amd64/lib/jli/libjli.so
7f647371f000-7f6473720000 rw-p 0000f000 08:01 532062                     /usr/lib/jvm/java-11-openjdk-amd64/lib/jli/libjli.so
7f6473720000-7f6473749000 r-xp 00000000 08:01 6967555                    /lib/x86_64-linux-gnu/ld-2.27.so
7f647375f000-7f6473826000 rw-p 00000000 00:00 0 
7f6473826000-7f647382d000 ---p 00000000 00:00 0 
7f647382d000-7f6473831000 ---p 00000000 00:00 0 
7f6473831000-7f6473930000 rw-p 00000000 00:00 0 
7f6473934000-7f647393b000 r--s 00000000 08:01 709114                     /usr/lib/x86_64-linux-gnu/gconv/gconv-modules.cache
7f647393b000-7f647393d000 r--s 00007000 08:01 792122                     /usr/share/java/java-atk-wrapper.jar
7f647393d000-7f6473945000 rw-s 00000000 08:01 2392530                    /tmp/hsperfdata_thrymr/13799
7f6473945000-7f6473946000 ---p 00000000 00:00 0 
7f6473946000-7f6473947000 r--p 00000000 00:00 0 
7f6473947000-7f6473949000 rw-p 00000000 00:00 0 
7f6473949000-7f647394a000 r--p 00029000 08:01 6967555                    /lib/x86_64-linux-gnu/ld-2.27.so
7f647394a000-7f647394b000 rw-p 0002a000 08:01 6967555                    /lib/x86_64-linux-gnu/ld-2.27.so
7f647394b000-7f647394c000 rw-p 00000000 00:00 0 
7ffef3ca3000-7ffef3cc5000 rw-p 00000000 00:00 0                          [stack]
7ffef3ce1000-7ffef3ce4000 r--p 00000000 00:00 0                          [vvar]
7ffef3ce4000-7ffef3ce6000 r-xp 00000000 00:00 0                          [vdso]
ffffffffff600000-ffffffffff601000 r-xp 00000000 00:00 0                  [vsyscall]


VM Arguments:
jvm_args: -agentlib:jdwp=transport=dt_socket,suspend=y,address=localhost:46177 -ea -Dfile.encoding=UTF-8 
java_command: org.testng.remote.RemoteTestNG -serport 38897 -protocol json -d /home/thrymr/Desktop/Hegde Automation/Selenium/Smoketest/test-output /tmp/testng-eclipse-858894309/testng-customsuite.xml
java_class_path (initial): /home/thrymr/eclipse/java-2022-03/eclipse/configuration/org.eclipse.osgi/421/0/.cp/lib/testng-remote.jar:/home/thrymr/Desktop/Hegde Automation/Selenium/Smoketest/target/test-classes:/home/thrymr/Desktop/Hegde Automation/Selenium/Smoketest/target/classes:/home/thrymr/.m2/repository/org/seleniumhq/selenium/selenium-java/3.141.59/selenium-java-3.141.59.jar:/home/thrymr/.m2/repository/org/seleniumhq/selenium/selenium-api/3.141.59/selenium-api-3.141.59.jar:/home/thrymr/.m2/repository/org/seleniumhq/selenium/selenium-chrome-driver/3.141.59/selenium-chrome-driver-3.141.59.jar:/home/thrymr/.m2/repository/org/seleniumhq/selenium/selenium-edge-driver/3.141.59/selenium-edge-driver-3.141.59.jar:/home/thrymr/.m2/repository/org/seleniumhq/selenium/selenium-firefox-driver/3.141.59/selenium-firefox-driver-3.141.59.jar:/home/thrymr/.m2/repository/org/seleniumhq/selenium/selenium-ie-driver/3.141.59/selenium-ie-driver-3.141.59.jar:/home/thrymr/.m2/repository/org/seleniumhq/selenium/selenium-opera-driver/3.141.59/selenium-opera-driver-3.141.59.jar:/home/thrymr/.m2/repository/org/seleniumhq/selenium/selenium-remote-driver/3.141.59/selenium-remote-driver-3.141.59.jar:/home/thrymr/.m2/repository/org/seleniumhq/selenium/selenium-safari-driver/3.141.59/selenium-safari-driver-3.141.59.jar:/home/thrymr/.m2/repository/org/seleniumhq/selenium/selenium-support/3.141.59/selenium-support-3.141.59.jar:/home/thrymr/.m2/repository/net/bytebuddy/byte-buddy/1.8.15/byte-buddy-1.8.15.jar:/home/thrymr/.m2/repository/org/apache/commons/commons-exec/1.3/commons-exec-1.3.jar:/home/thrymr/.m2/repository/com/google/guava/guava/25.0-jre/guava-25.0-jre.jar:/home/thrymr/.m2/repository/org/checkerframework/checker-compat-qual/2.0.0/checker-compat-qual-2.0.0.jar:/home/thrymr/.m2/repository/com/google/errorprone/error_prone_annotations/2.1.3/error_prone_annotations-2.1.3.jar:/home/thrymr/.m2/repository/com/google/j2objc/j2objc-annotations/1.1/j2objc-annotations-1.1.jar:/home/thrymr/.m2/r
Launcher Type: SUN_STANDARD

[Global flags]
     intx CICompilerCount                          = 3                                         {product} {ergonomic}
     uint ConcGCThreads                            = 2                                         {product} {ergonomic}
     uint G1ConcRefinementThreads                  = 6                                         {product} {ergonomic}
   size_t G1HeapRegionSize                         = 1048576                                   {product} {ergonomic}
    uintx GCDrainStackTargetSize                   = 64                                        {product} {ergonomic}
   size_t InitialHeapSize                          = 130023424                                 {product} {ergonomic}
   size_t MarkStackSize                            = 4194304                                   {product} {ergonomic}
   size_t MaxHeapSize                              = 2078277632                                {product} {ergonomic}
   size_t MaxNewSize                               = 1246756864                                {product} {ergonomic}
   size_t MinHeapDeltaBytes                        = 1048576                                   {product} {ergonomic}
    uintx NonNMethodCodeHeapSize                   = 5830732                                {pd product} {ergonomic}
    uintx NonProfiledCodeHeapSize                  = 122913754                              {pd product} {ergonomic}
    uintx ProfiledCodeHeapSize                     = 122913754                              {pd product} {ergonomic}
    uintx ReservedCodeCacheSize                    = 251658240                              {pd product} {ergonomic}
     bool SegmentedCodeCache                       = true                                      {product} {ergonomic}
     bool UseCompressedClassPointers               = true                                 {lp64_product} {ergonomic}
     bool UseCompressedOops                        = true                                 {lp64_product} {ergonomic}
     bool UseG1GC                                  = true                                      {product} {ergonomic}

Logging:
Log output configuration:
 #0: stdout all=warning uptime,level,tags
 #1: stderr all=off uptime,level,tags

Environment Variables:
JAVA_HOME=/usr/lib/jvm/java-11-openjdk-amd64/
PATH=/opt/gradle/gradle-5.2.1/bin:/usr/local/sbin:/usr/local/bin:/usr/sbin:/usr/bin:/sbin:/bin:/usr/games:/usr/local/games:/snap/bin:/home/thrymr/bin:/usr/lib/jvm/java-11-openjdk-amd64//bin
SHELL=/bin/bash
DISPLAY=:0.0
LANG=en_IN

Signal Handlers:
SIGSEGV: [libjvm.so+0xe298a0], sa_mask[0]=11111111011111111101111111111110, sa_flags=SA_RESTART|SA_SIGINFO
SIGBUS: [libjvm.so+0xe298a0], sa_mask[0]=11111111011111111101111111111110, sa_flags=SA_RESTART|SA_SIGINFO
SIGFPE: [libjvm.so+0xe298a0], sa_mask[0]=11111111011111111101111111111110, sa_flags=SA_RESTART|SA_SIGINFO
SIGPIPE: [libjvm.so+0xb7fa20], sa_mask[0]=11111111011111111101111111111110, sa_flags=SA_RESTART|SA_SIGINFO
SIGXFSZ: [libjvm.so+0xb7fa20], sa_mask[0]=11111111011111111101111111111110, sa_flags=SA_RESTART|SA_SIGINFO
SIGILL: [libjvm.so+0xe298a0], sa_mask[0]=11111111011111111101111111111110, sa_flags=SA_RESTART|SA_SIGINFO
SIGUSR2: [libjvm.so+0xb7f8b0], sa_mask[0]=00100000000000000000000000000000, sa_flags=SA_RESTART|SA_SIGINFO
SIGHUP: [libjvm.so+0xb7fd70], sa_mask[0]=11111111011111111101111111111110, sa_flags=SA_RESTART|SA_SIGINFO
SIGINT: [libjvm.so+0xb7fd70], sa_mask[0]=11111111011111111101111111111110, sa_flags=SA_RESTART|SA_SIGINFO
SIGTERM: [libjvm.so+0xb7fd70], sa_mask[0]=11111111011111111101111111111110, sa_flags=SA_RESTART|SA_SIGINFO
SIGQUIT: [libjvm.so+0xb7fd70], sa_mask[0]=11111111011111111101111111111110, sa_flags=SA_RESTART|SA_SIGINFO


---------------  S Y S T E M  ---------------

OS:DISTRIB_ID=Ubuntu
DISTRIB_RELEASE=18.04
DISTRIB_CODENAME=bionic
DISTRIB_DESCRIPTION="Ubuntu 18.04.6 LTS"
uname:Linux 4.15.0-176-generic #185-Ubuntu SMP Tue Mar 29 17:40:04 UTC 2022 x86_64
OS uptime: 0 days 2:30 hours
libc:glibc 2.27 NPTL 2.27 
rlimit (soft/hard): STACK 8192k/infinity , CORE 0k/infinity , NPROC 31499/31499 , NOFILE 1048576/1048576 , AS infinity/infinity , CPU infinity/infinity , DATA infinity/infinity , FSIZE infinity/infinity , MEMLOCK 65536k/65536k
load average:0.54 0.76 0.52

/proc/meminfo:
MemTotal:        8110972 kB
MemFree:          890408 kB
MemAvailable:    3077240 kB
Buffers:           80564 kB
Cached:          2391252 kB
SwapCached:         6032 kB
Active:          4185880 kB
Inactive:        2235616 kB
Active(anon):    3297220 kB
Inactive(anon):   784204 kB
Active(file):     888660 kB
Inactive(file):  1451412 kB
Unevictable:         112 kB
Mlocked:             112 kB
SwapTotal:       2097148 kB
SwapFree:        1873916 kB
Dirty:               908 kB
Writeback:             0 kB
AnonPages:       3946156 kB
Mapped:           588776 kB
Shmem:            133216 kB
Slab:             224740 kB
SReclaimable:     133560 kB
SUnreclaim:        91180 kB
KernelStack:       26032 kB
PageTables:        91168 kB
NFS_Unstable:          0 kB
Bounce:                0 kB
WritebackTmp:          0 kB
CommitLimit:     6152632 kB
Committed_AS:   19074172 kB
VmallocTotal:   34359738367 kB
VmallocUsed:           0 kB
VmallocChunk:          0 kB
HardwareCorrupted:     0 kB
AnonHugePages:         0 kB
ShmemHugePages:        0 kB
ShmemPmdMapped:        0 kB
CmaTotal:              0 kB
CmaFree:               0 kB
HugePages_Total:       0
HugePages_Free:        0
HugePages_Rsvd:        0
HugePages_Surp:        0
Hugepagesize:       2048 kB
DirectMap4k:     1325708 kB
DirectMap2M:     7006208 kB
DirectMap1G:           0 kB

/sys/kernel/mm/transparent_hugepage/enabled:
always [madvise] never
/sys/kernel/mm/transparent_hugepage/defrag (defrag/compaction efforts parameter):
always defer defer+madvise [madvise] never

Process Memory:
Virtual Size: 5826260K (peak: 13504232K)
Resident Set Size: 103820K (peak: 104028K) (anon: 74436K, file: 29384K, shmem: 0K)
Swapped out: 0K
C-Heap outstanding allocations: 8722K

/proc/sys/kernel/threads-max (system-wide limit on the number of threads):
62998
/proc/sys/vm/max_map_count (maximum number of memory map areas a process may have):
1048575
/proc/sys/kernel/pid_max (system-wide limit on number of process identifiers):
32768

container (cgroup) information:
container_type: cgroupv1
cpu_cpuset_cpus: 0-5
cpu_memory_nodes: 0
active_processor_count: 6
cpu_quota: -1
cpu_period: 100000
cpu_shares: -1
memory_limit_in_bytes: -1
memory_and_swap_limit_in_bytes: -2
memory_soft_limit_in_bytes: -1
memory_usage_in_bytes: 6572793856
memory_max_usage_in_bytes: 521703424

Steal ticks since vm start: 0
Steal ticks percentage since vm start:  0.000

CPU:total 6 (initial active 6) (6 cores per cpu, 1 threads per core) family 6 model 158 stepping 10 microcode 0xea, cmov, cx8, fxsr, mmx, sse, sse2, sse3, ssse3, sse4.1, sse4.2, popcnt, avx, avx2, aes, clmul, erms, 3dnowpref, lzcnt, tsc, tscinvbit, bmi1, bmi2, adx, fma
CPU Model and flags from /proc/cpuinfo:
model name	: Intel(R) Core(TM) i5-9400F CPU @ 2.90GHz
flags		: fpu vme de pse tsc msr pae mce cx8 apic sep mtrr pge mca cmov pat pse36 clflush dts acpi mmx fxsr sse sse2 ss ht tm pbe syscall nx pdpe1gb rdtscp lm constant_tsc art arch_perfmon pebs bts rep_good nopl xtopology nonstop_tsc cpuid aperfmperf pni pclmulqdq dtes64 monitor ds_cpl vmx est tm2 ssse3 sdbg fma cx16 xtpr pdcm pcid sse4_1 sse4_2 x2apic movbe popcnt tsc_deadline_timer aes xsave avx f16c rdrand lahf_lm abm 3dnowprefetch cpuid_fault invpcid_single pti ssbd ibrs ibpb stibp tpr_shadow vnmi flexpriority ept vpid fsgsbase tsc_adjust bmi1 avx2 smep bmi2 erms invpcid mpx rdseed adx smap clflushopt intel_pt xsaveopt xsavec xgetbv1 xsaves dtherm ida arat pln pts hwp hwp_notify hwp_act_window hwp_epp md_clear flush_l1d
Online cpus:
0-5
Offline cpus:

BIOS frequency limitation:
<Not Available>
Frequency switch latency (ns):
0
Available cpu frequencies:
<Not Available>
Current governor:
powersave
Core performance/turbo boost:
<Not Available>

Memory: 4k page, physical 8110972k(890408k free), swap 2097148k(1873916k free)

vm_info: OpenJDK 64-Bit Server VM (11.0.15+10-Ubuntu-0ubuntu0.18.04.1) for linux-amd64 JRE (11.0.15+10-Ubuntu-0ubuntu0.18.04.1), built on Apr 23 2022 13:02:10 by "unknown" with gcc 8.4.0

END.
